<?xml version="1.0" encoding="UTF-8"?>
<testsuite xmlns:xsi="http://www.w3.org/2001/XMLSchema-instance" xsi:noNamespaceSchemaLocation="https://maven.apache.org/surefire/maven-surefire-plugin/xsd/surefire-test-report-3.0.xsd" version="3.0" name="es.codeurjc.ais.nitflex.E2E.ModificacionPeliculasTest" time="16.15" tests="2" errors="0" skipped="0" failures="0">
  <properties>
[...]
</properties>
  <testcase name="testUrlIncorrecta" classname="es.codeurjc.ais.nitflex.E2E.ModificacionPeliculasTest" time="5.626">
    <system-out><![CDATA[22:02:24.754 [main] INFO org.springframework.boot.devtools.restart.RestartApplicationListener -- Restart disabled due to context in which it is running

  .   ____          _            __ _ _
 /\\ / ___'_ __ _ _(_)_ __  __ _ \ \ \ \
( ( )\___ | '_ | '_| | '_ \/ _` | \ \ \ \
 \\/  ___)| |_)| | | | | || (_| |  ) ) ) )
  '  |____| .__|_| |_|_| |_\__, | / / / /
 =========|_|==============|___/=/_/_/_/
 :: Spring Boot ::                (v3.2.2)

2024-06-27T22:02:25.274+02:00  INFO 6760 --- [           main] e.c.a.n.E2E.ModificacionPeliculasTest    : Starting ModificacionPeliculasTest using Java 17.0.10 with PID 6760 (started by ariel in C:\Users\ariel\Desktop\ETSII URJC\Tercero\AIS\AIS-Practica2)
2024-06-27T22:02:25.277+02:00  INFO 6760 --- [           main] e.c.a.n.E2E.ModificacionPeliculasTest    : No active profile set, falling back to 1 default profile: "default"
2024-06-27T22:02:26.393+02:00  INFO 6760 --- [           main] .s.d.r.c.RepositoryConfigurationDelegate : Bootstrapping Spring Data JPA repositories in DEFAULT mode.
2024-06-27T22:02:26.477+02:00  INFO 6760 --- [           main] .s.d.r.c.RepositoryConfigurationDelegate : Finished Spring Data repository scanning in 71 ms. Found 1 JPA repository interface.
2024-06-27T22:02:27.357+02:00  INFO 6760 --- [           main] o.s.b.w.embedded.tomcat.TomcatWebServer  : Tomcat initialized with port 0 (http)
2024-06-27T22:02:27.386+02:00  INFO 6760 --- [           main] o.apache.catalina.core.StandardService   : Starting service [Tomcat]
2024-06-27T22:02:27.386+02:00  INFO 6760 --- [           main] o.apache.catalina.core.StandardEngine    : Starting Servlet engine: [Apache Tomcat/10.1.18]
2024-06-27T22:02:27.467+02:00  INFO 6760 --- [           main] o.a.c.c.C.[Tomcat].[localhost].[/]       : Initializing Spring embedded WebApplicationContext
2024-06-27T22:02:27.469+02:00  INFO 6760 --- [           main] w.s.c.ServletWebServerApplicationContext : Root WebApplicationContext: initialization completed in 2152 ms
2024-06-27T22:02:27.679+02:00  INFO 6760 --- [           main] com.zaxxer.hikari.HikariDataSource       : HikariPool-1 - Starting...
2024-06-27T22:02:28.195+02:00  INFO 6760 --- [           main] com.zaxxer.hikari.pool.HikariPool        : HikariPool-1 - Added connection conn0: url=jdbc:h2:mem:394a7fd7-3b28-406e-abcc-b7f8492bf556 user=SA
2024-06-27T22:02:28.198+02:00  INFO 6760 --- [           main] com.zaxxer.hikari.HikariDataSource       : HikariPool-1 - Start completed.
2024-06-27T22:02:28.302+02:00  INFO 6760 --- [           main] o.hibernate.jpa.internal.util.LogHelper  : HHH000204: Processing PersistenceUnitInfo [name: default]
2024-06-27T22:02:28.414+02:00  INFO 6760 --- [           main] org.hibernate.Version                    : HHH000412: Hibernate ORM core version 6.4.1.Final
2024-06-27T22:02:28.482+02:00  INFO 6760 --- [           main] o.h.c.internal.RegionFactoryInitiator    : HHH000026: Second-level cache disabled
2024-06-27T22:02:28.977+02:00  INFO 6760 --- [           main] o.s.o.j.p.SpringPersistenceUnitInfo      : No LoadTimeWeaver setup: ignoring JPA class transformer
2024-06-27T22:02:30.386+02:00  INFO 6760 --- [           main] o.h.e.t.j.p.i.JtaPlatformInitiator       : HHH000489: No JTA platform available (set 'hibernate.transaction.jta.platform' to enable JTA platform integration)
2024-06-27T22:02:30.424+02:00  INFO 6760 --- [           main] j.LocalContainerEntityManagerFactoryBean : Initialized JPA EntityManagerFactory for persistence unit 'default'
2024-06-27T22:02:30.705+02:00  INFO 6760 --- [           main] e.c.ais.nitflex.DatabaseInitializer      : TEST ENV
2024-06-27T22:02:30.772+02:00  WARN 6760 --- [           main] JpaBaseConfiguration$JpaWebConfiguration : spring.jpa.open-in-view is enabled by default. Therefore, database queries may be performed during view rendering. Explicitly configure spring.jpa.open-in-view to disable this warning
2024-06-27T22:02:31.332+02:00  INFO 6760 --- [           main] o.s.b.w.embedded.tomcat.TomcatWebServer  : Tomcat started on port 62015 (http) with context path ''
2024-06-27T22:02:31.342+02:00  INFO 6760 --- [           main] e.c.a.n.E2E.ModificacionPeliculasTest    : Started ModificacionPeliculasTest in 6.625 seconds (process running for 8.952)
2024-06-27T22:02:34.347+02:00  WARN 6760 --- [           main] o.o.selenium.devtools.CdpVersionFinder   : Unable to find CDP implementation matching 126
2024-06-27T22:02:34.348+02:00  WARN 6760 --- [           main] o.o.selenium.chromium.ChromiumDriver     : Unable to find version of CDP to use for 126.0.6478.115. You may need to include a dependency on a specific version of the CDP using something similar to `org.seleniumhq.selenium:selenium-devtools-v86:4.16.0` where the version ("v86") matches the version of the chromium-based browser you're using and the version number of the artifact is the same as Selenium's.
2024-06-27T22:02:34.457+02:00  INFO 6760 --- [o-auto-1-exec-1] o.a.c.c.C.[Tomcat].[localhost].[/]       : Initializing Spring DispatcherServlet 'dispatcherServlet'
2024-06-27T22:02:34.457+02:00  INFO 6760 --- [o-auto-1-exec-1] o.s.web.servlet.DispatcherServlet        : Initializing Servlet 'dispatcherServlet'
2024-06-27T22:02:34.458+02:00  INFO 6760 --- [o-auto-1-exec-1] o.s.web.servlet.DispatcherServlet        : Completed initialization in 1 ms
]]></system-out>
  </testcase>
  <testcase name="testEditarPelicula" classname="es.codeurjc.ais.nitflex.E2E.ModificacionPeliculasTest" time="2.907">
    <system-out><![CDATA[2024-06-27T22:02:37.844+02:00  WARN 6760 --- [           main] o.o.selenium.devtools.CdpVersionFinder   : Unable to find CDP implementation matching 126
2024-06-27T22:02:37.844+02:00  WARN 6760 --- [           main] o.o.selenium.chromium.ChromiumDriver     : Unable to find version of CDP to use for 126.0.6478.115. You may need to include a dependency on a specific version of the CDP using something similar to `org.seleniumhq.selenium:selenium-devtools-v86:4.16.0` where the version ("v86") matches the version of the chromium-based browser you're using and the version number of the artifact is the same as Selenium's.
2024-06-27T22:02:39.188+02:00  INFO 6760 --- [o-auto-1-exec-2] Logger                                   : Film Event: Film with title=Pulp Fiction was created
2024-06-27T22:02:39.817+02:00  INFO 6760 --- [o-auto-1-exec-6] Logger                                   : Film Event: Film with title=Pulp Fiction- parte 2 was created
]]></system-out>
  </testcase>
</testsuite>